This is pdfTeX, Version 3.141592653-2.6-1.40.27 (TeX Live 2025) (preloaded format=latex 2025.11.11)  31 DEC 2025 03:32
entering extended mode
 restricted \write18 enabled.
 %&-line parsing enabled.
**sciscn.tex
(./sciscn.tex
LaTeX2e <2024-11-01> patch level 2
L3 programming layer <2025-01-18>
(./SCIS2026cn.cls
Document Class: SCIS2026cn 2025/11/11, 3.03

! LaTeX Error: File `cctart.cls' not found.

Type X to quit or <RETURN> to proceed,
or enter new name. (Default extension: cls)

Enter file name: 
! Emergency stop.
<read *> 
         
l.14 \RequirePackage
                    {amsmath,amsthm,amsfonts,amssymb,bm,upgreek,multicol,mat...
*** (cannot \read from terminal in nonstop modes)

 
Here is how much of TeX's memory you used:
 42 strings out of 473191
 798 string characters out of 5715825
 391978 words of memory out of 5000000
 23391 multiletter control sequences out of 15000+600000
 558837 words of font info for 36 fonts, out of 8000000 for 9000
 1141 hyphenation exceptions out of 8191
 33i,0n,43p,170b,17s stack positions out of 10000i,1000n,20000p,200000b,200000s
No pages of output.
